{"C:\\Users\\User\\Music\\task1-web-api-nischalbista0\\app.js": {"path":"C:\\Users\\User\\Music\\task1-web-api-nischalbista0\\app.js","statementMap":{"0":{"start":{"line":1,"column":0},"end":{"line":1,"column":27}},"1":{"start":{"line":2,"column":16},"end":{"line":2,"column":34}},"2":{"start":{"line":3,"column":17},"end":{"line":3,"column":36}},"3":{"start":{"line":4,"column":20},"end":{"line":4,"column":51}},"4":{"start":{"line":5,"column":21},"end":{"line":5,"column":52}},"5":{"start":{"line":6,"column":23},"end":{"line":6,"column":58}},"6":{"start":{"line":7,"column":23},"end":{"line":7,"column":52}},"7":{"start":{"line":8,"column":13},"end":{"line":8,"column":28}},"8":{"start":{"line":10,"column":2},"end":{"line":12,"column":24}},"9":{"start":{"line":14,"column":0},"end":{"line":19,"column":78}},"10":{"start":{"line":17,"column":24},"end":{"line":17,"column":98}},"11":{"start":{"line":19,"column":38},"end":{"line":19,"column":76}},"12":{"start":{"line":21,"column":12},"end":{"line":21,"column":21}},"13":{"start":{"line":23,"column":0},"end":{"line":23,"column":16}},"14":{"start":{"line":25,"column":0},"end":{"line":25,"column":24}},"15":{"start":{"line":26,"column":0},"end":{"line":26,"column":34}},"16":{"start":{"line":28,"column":0},"end":{"line":28,"column":31}},"17":{"start":{"line":30,"column":0},"end":{"line":30,"column":44}},"18":{"start":{"line":32,"column":0},"end":{"line":32,"column":37}},"19":{"start":{"line":49,"column":0},"end":{"line":51,"column":3}},"20":{"start":{"line":50,"column":2},"end":{"line":50,"column":52}},"21":{"start":{"line":53,"column":0},"end":{"line":53,"column":21}},"22":{"start":{"line":60,"column":38},"end":{"line":60,"column":36769}},"23":{"start":{"line":60,"column":42},"end":{"line":60,"column":36758}},"24":{"start":{"line":60,"column":36794},"end":{"line":60,"column":36834}},"25":{"start":{"line":60,"column":36798},"end":{"line":60,"column":36823}},"26":{"start":{"line":60,"column":36835},"end":{"line":60,"column":36843}},"27":{"start":{"line":60,"column":36868},"end":{"line":60,"column":36910}},"28":{"start":{"line":60,"column":36872},"end":{"line":60,"column":36899}},"29":{"start":{"line":60,"column":36911},"end":{"line":60,"column":36919}},"30":{"start":{"line":60,"column":36938},"end":{"line":60,"column":36975}},"31":{"start":{"line":60,"column":36942},"end":{"line":60,"column":36964}},"32":{"start":{"line":60,"column":36994},"end":{"line":60,"column":37034}},"33":{"start":{"line":60,"column":36998},"end":{"line":60,"column":37023}}},"fnMap":{"0":{"name":"(anonymous_0)","decl":{"start":{"line":16,"column":8},"end":{"line":16,"column":9}},"loc":{"start":{"line":16,"column":14},"end":{"line":18,"column":3}},"line":16},"1":{"name":"(anonymous_1)","decl":{"start":{"line":19,"column":9},"end":{"line":19,"column":10}},"loc":{"start":{"line":19,"column":38},"end":{"line":19,"column":76}},"line":19},"2":{"name":"(anonymous_2)","decl":{"start":{"line":49,"column":8},"end":{"line":49,"column":9}},"loc":{"start":{"line":49,"column":22},"end":{"line":51,"column":1}},"line":49},"3":{"name":"oo_cm","decl":{"start":{"line":60,"column":30},"end":{"line":60,"column":35}},"loc":{"start":{"line":60,"column":37},"end":{"line":60,"column":36770}},"line":60},"4":{"name":"oo_oo","decl":{"start":{"line":60,"column":36780},"end":{"line":60,"column":36785}},"loc":{"start":{"line":60,"column":36793},"end":{"line":60,"column":36844}},"line":60},"5":{"name":"oo_tr","decl":{"start":{"line":60,"column":36854},"end":{"line":60,"column":36859}},"loc":{"start":{"line":60,"column":36867},"end":{"line":60,"column":36920}},"line":60},"6":{"name":"oo_ts","decl":{"start":{"line":60,"column":36930},"end":{"line":60,"column":36935}},"loc":{"start":{"line":60,"column":36937},"end":{"line":60,"column":36976}},"line":60},"7":{"name":"oo_te","decl":{"start":{"line":60,"column":36986},"end":{"line":60,"column":36991}},"loc":{"start":{"line":60,"column":36993},"end":{"line":60,"column":37035}},"line":60}},"branchMap":{"0":{"loc":{"start":{"line":10,"column":2},"end":{"line":12,"column":24}},"type":"cond-expr","locations":[{"start":{"line":11,"column":6},"end":{"line":11,"column":29}},{"start":{"line":12,"column":6},"end":{"line":12,"column":24}}],"line":10},"1":{"loc":{"start":{"line":60,"column":49},"end":{"line":60,"column":36757}},"type":"binary-expr","locations":[{"start":{"line":60,"column":49},"end":{"line":60,"column":86}},{"start":{"line":60,"column":90},"end":{"line":60,"column":36757}}],"line":60}},"s":{"0":4,"1":4,"2":4,"3":4,"4":4,"5":4,"6":4,"7":4,"8":4,"9":4,"10":4,"11":0,"12":4,"13":4,"14":4,"15":4,"16":4,"17":4,"18":4,"19":4,"20":2,"21":4,"22":4,"23":4,"24":4,"25":4,"26":4,"27":0,"28":0,"29":0,"30":0,"31":0,"32":0,"33":0},"f":{"0":4,"1":0,"2":2,"3":4,"4":4,"5":0,"6":0,"7":0},"b":{"0":[4,0],"1":[4,4]},"_coverageSchema":"1a1c01bbd47fc00a2c39e90264f33305004495a9","hash":"f793e1eb43fb86c1e0c50b1720e43be5a005d41f"}
,"C:\\Users\\User\\Music\\task1-web-api-nischalbista0\\controllers\\book-controller.js": {"path":"C:\\Users\\User\\Music\\task1-web-api-nischalbista0\\controllers\\book-controller.js","statementMap":{"0":{"start":{"line":1,"column":15},"end":{"line":1,"column":48}},"1":{"start":{"line":2,"column":13},"end":{"line":2,"column":39}},"2":{"start":{"line":3,"column":13},"end":{"line":3,"column":38}},"3":{"start":{"line":5,"column":20},"end":{"line":15,"column":1}},"4":{"start":{"line":6,"column":2},"end":{"line":14,"column":3}},"5":{"start":{"line":7,"column":18},"end":{"line":7,"column":59}},"6":{"start":{"line":8,"column":4},"end":{"line":10,"column":7}},"7":{"start":{"line":17,"column":33},"end":{"line":64,"column":1}},"8":{"start":{"line":18,"column":2},"end":{"line":63,"column":3}},"9":{"start":{"line":19,"column":27},"end":{"line":19,"column":38}},"10":{"start":{"line":21,"column":18},"end":{"line":21,"column":59}},"11":{"start":{"line":23,"column":21},"end":{"line":23,"column":56}},"12":{"start":{"line":25,"column":24},"end":{"line":25,"column":34}},"13":{"start":{"line":26,"column":23},"end":{"line":50,"column":6}},"14":{"start":{"line":27,"column":24},"end":{"line":27,"column":48}},"15":{"start":{"line":28,"column":29},"end":{"line":28,"column":62}},"16":{"start":{"line":31,"column":6},"end":{"line":39,"column":7}},"17":{"start":{"line":32,"column":8},"end":{"line":32,"column":75}},"18":{"start":{"line":33,"column":13},"end":{"line":39,"column":7}},"19":{"start":{"line":34,"column":8},"end":{"line":34,"column":76}},"20":{"start":{"line":35,"column":13},"end":{"line":39,"column":7}},"21":{"start":{"line":36,"column":8},"end":{"line":36,"column":76}},"22":{"start":{"line":38,"column":8},"end":{"line":38,"column":76}},"23":{"start":{"line":41,"column":27},"end":{"line":43,"column":7}},"24":{"start":{"line":45,"column":6},"end":{"line":49,"column":8}},"25":{"start":{"line":53,"column":33},"end":{"line":55,"column":6}},"26":{"start":{"line":54,"column":6},"end":{"line":54,"column":58}},"27":{"start":{"line":57,"column":4},"end":{"line":59,"column":7}},"28":{"start":{"line":66,"column":30},"end":{"line":105,"column":1}},"29":{"start":{"line":67,"column":2},"end":{"line":104,"column":3}},"30":{"start":{"line":68,"column":19},"end":{"line":68,"column":30}},"31":{"start":{"line":71,"column":17},"end":{"line":71,"column":72}},"32":{"start":{"line":73,"column":4},"end":{"line":75,"column":5}},"33":{"start":{"line":74,"column":6},"end":{"line":74,"column":65}},"34":{"start":{"line":77,"column":28},"end":{"line":98,"column":6}},"35":{"start":{"line":78,"column":24},"end":{"line":78,"column":48}},"36":{"start":{"line":79,"column":26},"end":{"line":79,"column":36}},"37":{"start":{"line":80,"column":29},"end":{"line":80,"column":62}},"38":{"start":{"line":83,"column":6},"end":{"line":91,"column":7}},"39":{"start":{"line":84,"column":8},"end":{"line":84,"column":75}},"40":{"start":{"line":85,"column":13},"end":{"line":91,"column":7}},"41":{"start":{"line":86,"column":8},"end":{"line":86,"column":76}},"42":{"start":{"line":87,"column":13},"end":{"line":91,"column":7}},"43":{"start":{"line":88,"column":8},"end":{"line":88,"column":76}},"44":{"start":{"line":90,"column":8},"end":{"line":90,"column":76}},"45":{"start":{"line":93,"column":6},"end":{"line":97,"column":8}},"46":{"start":{"line":100,"column":4},"end":{"line":100,"column":52}},"47":{"start":{"line":102,"column":4},"end":{"line":102,"column":25}},"48":{"start":{"line":103,"column":4},"end":{"line":103,"column":63}},"49":{"start":{"line":108,"column":38},"end":{"line":123,"column":1}},"50":{"start":{"line":109,"column":2},"end":{"line":122,"column":3}},"51":{"start":{"line":110,"column":19},"end":{"line":110,"column":30}},"52":{"start":{"line":112,"column":18},"end":{"line":114,"column":6}},"53":{"start":{"line":116,"column":4},"end":{"line":118,"column":7}},"54":{"start":{"line":146,"column":19},"end":{"line":176,"column":1}},"55":{"start":{"line":147,"column":58},"end":{"line":147,"column":66}},"56":{"start":{"line":148,"column":15},"end":{"line":148,"column":23}},"57":{"start":{"line":151,"column":20},"end":{"line":151,"column":42}},"58":{"start":{"line":153,"column":2},"end":{"line":175,"column":3}},"59":{"start":{"line":154,"column":4},"end":{"line":156,"column":5}},"60":{"start":{"line":155,"column":6},"end":{"line":155,"column":74}},"61":{"start":{"line":158,"column":21},"end":{"line":166,"column":5}},"62":{"start":{"line":168,"column":17},"end":{"line":168,"column":44}},"63":{"start":{"line":169,"column":4},"end":{"line":169,"column":31}},"64":{"start":{"line":174,"column":4},"end":{"line":174,"column":33}},"65":{"start":{"line":178,"column":20},"end":{"line":189,"column":1}},"66":{"start":{"line":179,"column":2},"end":{"line":188,"column":17}},"67":{"start":{"line":181,"column":6},"end":{"line":183,"column":7}},"68":{"start":{"line":182,"column":8},"end":{"line":182,"column":58}},"69":{"start":{"line":184,"column":6},"end":{"line":186,"column":9}},"70":{"start":{"line":191,"column":23},"end":{"line":195,"column":1}},"71":{"start":{"line":192,"column":2},"end":{"line":194,"column":17}},"72":{"start":{"line":193,"column":23},"end":{"line":193,"column":40}},"73":{"start":{"line":197,"column":23},"end":{"line":201,"column":1}},"74":{"start":{"line":198,"column":2},"end":{"line":200,"column":17}},"75":{"start":{"line":199,"column":21},"end":{"line":199,"column":42}},"76":{"start":{"line":203,"column":20},"end":{"line":227,"column":1}},"77":{"start":{"line":204,"column":20},"end":{"line":204,"column":29}},"78":{"start":{"line":206,"column":2},"end":{"line":226,"column":7}},"79":{"start":{"line":213,"column":6},"end":{"line":221,"column":7}},"80":{"start":{"line":215,"column":8},"end":{"line":215,"column":48}},"81":{"start":{"line":218,"column":8},"end":{"line":220,"column":11}},"82":{"start":{"line":229,"column":21},"end":{"line":251,"column":1}},"83":{"start":{"line":230,"column":2},"end":{"line":250,"column":3}},"84":{"start":{"line":231,"column":19},"end":{"line":231,"column":30}},"85":{"start":{"line":232,"column":19},"end":{"line":232,"column":37}},"86":{"start":{"line":234,"column":17},"end":{"line":234,"column":44}},"87":{"start":{"line":235,"column":4},"end":{"line":237,"column":5}},"88":{"start":{"line":236,"column":6},"end":{"line":236,"column":63}},"89":{"start":{"line":239,"column":4},"end":{"line":241,"column":5}},"90":{"start":{"line":240,"column":6},"end":{"line":240,"column":75}},"91":{"start":{"line":243,"column":4},"end":{"line":243,"column":38}},"92":{"start":{"line":244,"column":4},"end":{"line":244,"column":22}},"93":{"start":{"line":246,"column":4},"end":{"line":246,"column":70}},"94":{"start":{"line":253,"column":23},"end":{"line":277,"column":1}},"95":{"start":{"line":254,"column":2},"end":{"line":276,"column":3}},"96":{"start":{"line":255,"column":19},"end":{"line":255,"column":30}},"97":{"start":{"line":256,"column":19},"end":{"line":256,"column":37}},"98":{"start":{"line":258,"column":17},"end":{"line":258,"column":44}},"99":{"start":{"line":259,"column":4},"end":{"line":261,"column":5}},"100":{"start":{"line":260,"column":6},"end":{"line":260,"column":63}},"101":{"start":{"line":263,"column":4},"end":{"line":265,"column":5}},"102":{"start":{"line":264,"column":6},"end":{"line":264,"column":71}},"103":{"start":{"line":267,"column":4},"end":{"line":269,"column":6}},"104":{"start":{"line":268,"column":20},"end":{"line":268,"column":50}},"105":{"start":{"line":270,"column":4},"end":{"line":270,"column":22}},"106":{"start":{"line":272,"column":4},"end":{"line":272,"column":59}},"107":{"start":{"line":279,"column":0},"end":{"line":292,"column":2}}},"fnMap":{"0":{"name":"(anonymous_0)","decl":{"start":{"line":5,"column":20},"end":{"line":5,"column":21}},"loc":{"start":{"line":5,"column":46},"end":{"line":15,"column":1}},"line":5},"1":{"name":"(anonymous_1)","decl":{"start":{"line":17,"column":33},"end":{"line":17,"column":34}},"loc":{"start":{"line":17,"column":59},"end":{"line":64,"column":1}},"line":17},"2":{"name":"(anonymous_2)","decl":{"start":{"line":26,"column":33},"end":{"line":26,"column":34}},"loc":{"start":{"line":26,"column":43},"end":{"line":50,"column":5}},"line":26},"3":{"name":"(anonymous_3)","decl":{"start":{"line":53,"column":51},"end":{"line":53,"column":52}},"loc":{"start":{"line":53,"column":61},"end":{"line":55,"column":5}},"line":53},"4":{"name":"(anonymous_4)","decl":{"start":{"line":66,"column":30},"end":{"line":66,"column":31}},"loc":{"start":{"line":66,"column":50},"end":{"line":105,"column":1}},"line":66},"5":{"name":"(anonymous_5)","decl":{"start":{"line":77,"column":53},"end":{"line":77,"column":54}},"loc":{"start":{"line":77,"column":63},"end":{"line":98,"column":5}},"line":77},"6":{"name":"(anonymous_6)","decl":{"start":{"line":108,"column":38},"end":{"line":108,"column":39}},"loc":{"start":{"line":108,"column":64},"end":{"line":123,"column":1}},"line":108},"7":{"name":"(anonymous_7)","decl":{"start":{"line":146,"column":19},"end":{"line":146,"column":20}},"loc":{"start":{"line":146,"column":45},"end":{"line":176,"column":1}},"line":146},"8":{"name":"(anonymous_8)","decl":{"start":{"line":178,"column":20},"end":{"line":178,"column":21}},"loc":{"start":{"line":178,"column":40},"end":{"line":189,"column":1}},"line":178},"9":{"name":"(anonymous_9)","decl":{"start":{"line":180,"column":10},"end":{"line":180,"column":11}},"loc":{"start":{"line":180,"column":20},"end":{"line":187,"column":5}},"line":180},"10":{"name":"(anonymous_10)","decl":{"start":{"line":191,"column":23},"end":{"line":191,"column":24}},"loc":{"start":{"line":191,"column":43},"end":{"line":195,"column":1}},"line":191},"11":{"name":"(anonymous_11)","decl":{"start":{"line":193,"column":10},"end":{"line":193,"column":11}},"loc":{"start":{"line":193,"column":23},"end":{"line":193,"column":40}},"line":193},"12":{"name":"(anonymous_12)","decl":{"start":{"line":197,"column":23},"end":{"line":197,"column":24}},"loc":{"start":{"line":197,"column":43},"end":{"line":201,"column":1}},"line":197},"13":{"name":"(anonymous_13)","decl":{"start":{"line":199,"column":10},"end":{"line":199,"column":11}},"loc":{"start":{"line":199,"column":21},"end":{"line":199,"column":42}},"line":199},"14":{"name":"(anonymous_14)","decl":{"start":{"line":203,"column":20},"end":{"line":203,"column":21}},"loc":{"start":{"line":203,"column":40},"end":{"line":227,"column":1}},"line":203},"15":{"name":"(anonymous_15)","decl":{"start":{"line":212,"column":10},"end":{"line":212,"column":11}},"loc":{"start":{"line":212,"column":21},"end":{"line":222,"column":5}},"line":212},"16":{"name":"(anonymous_16)","decl":{"start":{"line":223,"column":11},"end":{"line":223,"column":12}},"loc":{"start":{"line":223,"column":22},"end":{"line":226,"column":5}},"line":223},"17":{"name":"(anonymous_17)","decl":{"start":{"line":229,"column":21},"end":{"line":229,"column":22}},"loc":{"start":{"line":229,"column":47},"end":{"line":251,"column":1}},"line":229},"18":{"name":"(anonymous_18)","decl":{"start":{"line":253,"column":23},"end":{"line":253,"column":24}},"loc":{"start":{"line":253,"column":49},"end":{"line":277,"column":1}},"line":253},"19":{"name":"(anonymous_19)","decl":{"start":{"line":268,"column":6},"end":{"line":268,"column":7}},"loc":{"start":{"line":268,"column":20},"end":{"line":268,"column":50}},"line":268}},"branchMap":{"0":{"loc":{"start":{"line":31,"column":6},"end":{"line":39,"column":7}},"type":"if","locations":[{"start":{"line":31,"column":6},"end":{"line":39,"column":7}},{"start":{"line":33,"column":13},"end":{"line":39,"column":7}}],"line":31},"1":{"loc":{"start":{"line":33,"column":13},"end":{"line":39,"column":7}},"type":"if","locations":[{"start":{"line":33,"column":13},"end":{"line":39,"column":7}},{"start":{"line":35,"column":13},"end":{"line":39,"column":7}}],"line":33},"2":{"loc":{"start":{"line":35,"column":13},"end":{"line":39,"column":7}},"type":"if","locations":[{"start":{"line":35,"column":13},"end":{"line":39,"column":7}},{"start":{"line":37,"column":13},"end":{"line":39,"column":7}}],"line":35},"3":{"loc":{"start":{"line":54,"column":13},"end":{"line":54,"column":57}},"type":"binary-expr","locations":[{"start":{"line":54,"column":13},"end":{"line":54,"column":22}},{"start":{"line":54,"column":26},"end":{"line":54,"column":57}}],"line":54},"4":{"loc":{"start":{"line":73,"column":4},"end":{"line":75,"column":5}},"type":"if","locations":[{"start":{"line":73,"column":4},"end":{"line":75,"column":5}},{"start":{},"end":{}}],"line":73},"5":{"loc":{"start":{"line":83,"column":6},"end":{"line":91,"column":7}},"type":"if","locations":[{"start":{"line":83,"column":6},"end":{"line":91,"column":7}},{"start":{"line":85,"column":13},"end":{"line":91,"column":7}}],"line":83},"6":{"loc":{"start":{"line":85,"column":13},"end":{"line":91,"column":7}},"type":"if","locations":[{"start":{"line":85,"column":13},"end":{"line":91,"column":7}},{"start":{"line":87,"column":13},"end":{"line":91,"column":7}}],"line":85},"7":{"loc":{"start":{"line":87,"column":13},"end":{"line":91,"column":7}},"type":"if","locations":[{"start":{"line":87,"column":13},"end":{"line":91,"column":7}},{"start":{"line":89,"column":13},"end":{"line":91,"column":7}}],"line":87},"8":{"loc":{"start":{"line":151,"column":20},"end":{"line":151,"column":42}},"type":"binary-expr","locations":[{"start":{"line":151,"column":20},"end":{"line":151,"column":36}},{"start":{"line":151,"column":40},"end":{"line":151,"column":42}}],"line":151},"9":{"loc":{"start":{"line":154,"column":4},"end":{"line":156,"column":5}},"type":"if","locations":[{"start":{"line":154,"column":4},"end":{"line":156,"column":5}},{"start":{},"end":{}}],"line":154},"10":{"loc":{"start":{"line":154,"column":8},"end":{"line":154,"column":64}},"type":"binary-expr","locations":[{"start":{"line":154,"column":8},"end":{"line":154,"column":14}},{"start":{"line":154,"column":18},"end":{"line":154,"column":25}},{"start":{"line":154,"column":29},"end":{"line":154,"column":41}},{"start":{"line":154,"column":45},"end":{"line":154,"column":51}},{"start":{"line":154,"column":55},"end":{"line":154,"column":64}}],"line":154},"11":{"loc":{"start":{"line":181,"column":6},"end":{"line":183,"column":7}},"type":"if","locations":[{"start":{"line":181,"column":6},"end":{"line":183,"column":7}},{"start":{},"end":{}}],"line":181},"12":{"loc":{"start":{"line":213,"column":6},"end":{"line":221,"column":7}},"type":"if","locations":[{"start":{"line":213,"column":6},"end":{"line":221,"column":7}},{"start":{"line":216,"column":13},"end":{"line":221,"column":7}}],"line":213},"13":{"loc":{"start":{"line":235,"column":4},"end":{"line":237,"column":5}},"type":"if","locations":[{"start":{"line":235,"column":4},"end":{"line":237,"column":5}},{"start":{},"end":{}}],"line":235},"14":{"loc":{"start":{"line":239,"column":4},"end":{"line":241,"column":5}},"type":"if","locations":[{"start":{"line":239,"column":4},"end":{"line":241,"column":5}},{"start":{},"end":{}}],"line":239},"15":{"loc":{"start":{"line":259,"column":4},"end":{"line":261,"column":5}},"type":"if","locations":[{"start":{"line":259,"column":4},"end":{"line":261,"column":5}},{"start":{},"end":{}}],"line":259},"16":{"loc":{"start":{"line":263,"column":4},"end":{"line":265,"column":5}},"type":"if","locations":[{"start":{"line":263,"column":4},"end":{"line":265,"column":5}},{"start":{},"end":{}}],"line":263}},"s":{"0":4,"1":4,"2":4,"3":4,"4":1,"5":1,"6":1,"7":4,"8":1,"9":1,"10":1,"11":1,"12":1,"13":1,"14":1,"15":1,"16":1,"17":1,"18":0,"19":0,"20":0,"21":0,"22":0,"23":1,"24":1,"25":1,"26":1,"27":1,"28":4,"29":1,"30":1,"31":1,"32":1,"33":0,"34":1,"35":1,"36":1,"37":1,"38":1,"39":1,"40":0,"41":0,"42":0,"43":0,"44":0,"45":1,"46":1,"47":0,"48":0,"49":4,"50":1,"51":1,"52":1,"53":1,"54":4,"55":3,"56":3,"57":3,"58":3,"59":3,"60":0,"61":3,"62":3,"63":3,"64":3,"65":4,"66":1,"67":1,"68":0,"69":1,"70":4,"71":2,"72":2,"73":4,"74":2,"75":2,"76":4,"77":1,"78":1,"79":1,"80":0,"81":1,"82":4,"83":1,"84":1,"85":1,"86":1,"87":1,"88":0,"89":1,"90":0,"91":1,"92":1,"93":1,"94":4,"95":1,"96":1,"97":1,"98":1,"99":1,"100":0,"101":1,"102":0,"103":1,"104":1,"105":1,"106":1,"107":4},"f":{"0":1,"1":1,"2":1,"3":1,"4":1,"5":1,"6":1,"7":3,"8":1,"9":1,"10":2,"11":2,"12":2,"13":2,"14":1,"15":1,"16":0,"17":1,"18":1,"19":1},"b":{"0":[1,0],"1":[0,0],"2":[0,0],"3":[1,1],"4":[0,1],"5":[1,0],"6":[0,0],"7":[0,0],"8":[3,3],"9":[0,3],"10":[3,3,3,3,3],"11":[0,1],"12":[0,1],"13":[0,1],"14":[0,1],"15":[0,1],"16":[0,1]},"_coverageSchema":"1a1c01bbd47fc00a2c39e90264f33305004495a9","hash":"87d71bc22c9378652ae416eda1a41a75922786c3"}
,"C:\\Users\\User\\Music\\task1-web-api-nischalbista0\\controllers\\exchangeRequest-controller.js": {"path":"C:\\Users\\User\\Music\\task1-web-api-nischalbista0\\controllers\\exchangeRequest-controller.js","statementMap":{"0":{"start":{"line":1,"column":24},"end":{"line":1,"column":60}},"1":{"start":{"line":2,"column":13},"end":{"line":2,"column":39}},"2":{"start":{"line":3,"column":13},"end":{"line":3,"column":38}},"3":{"start":{"line":5,"column":32},"end":{"line":63,"column":1}},"4":{"start":{"line":6,"column":2},"end":{"line":62,"column":3}},"5":{"start":{"line":7,"column":19},"end":{"line":7,"column":30}},"6":{"start":{"line":9,"column":17},"end":{"line":9,"column":44}},"7":{"start":{"line":12,"column":29},"end":{"line":17,"column":31}},"8":{"start":{"line":20,"column":33},"end":{"line":54,"column":5}},"9":{"start":{"line":22,"column":33},"end":{"line":22,"column":78}},"10":{"start":{"line":24,"column":26},"end":{"line":24,"column":53}},"11":{"start":{"line":25,"column":28},"end":{"line":25,"column":38}},"12":{"start":{"line":26,"column":31},"end":{"line":26,"column":64}},"13":{"start":{"line":41,"column":8},"end":{"line":52,"column":10}},"14":{"start":{"line":56,"column":4},"end":{"line":58,"column":7}},"15":{"start":{"line":66,"column":31},"end":{"line":78,"column":1}},"16":{"start":{"line":67,"column":2},"end":{"line":77,"column":3}},"17":{"start":{"line":68,"column":29},"end":{"line":71,"column":31}},"18":{"start":{"line":73,"column":4},"end":{"line":73,"column":31}},"19":{"start":{"line":82,"column":30},"end":{"line":123,"column":1}},"20":{"start":{"line":83,"column":2},"end":{"line":122,"column":3}},"21":{"start":{"line":84,"column":24},"end":{"line":84,"column":34}},"22":{"start":{"line":85,"column":38},"end":{"line":85,"column":46}},"23":{"start":{"line":86,"column":22},"end":{"line":86,"column":33}},"24":{"start":{"line":89,"column":17},"end":{"line":89,"column":47}},"25":{"start":{"line":90,"column":26},"end":{"line":90,"column":54}},"26":{"start":{"line":91,"column":26},"end":{"line":91,"column":59}},"27":{"start":{"line":93,"column":4},"end":{"line":95,"column":5}},"28":{"start":{"line":94,"column":6},"end":{"line":94,"column":73}},"29":{"start":{"line":97,"column":4},"end":{"line":99,"column":5}},"30":{"start":{"line":98,"column":6},"end":{"line":98,"column":73}},"31":{"start":{"line":101,"column":4},"end":{"line":103,"column":5}},"32":{"start":{"line":102,"column":6},"end":{"line":102,"column":72}},"33":{"start":{"line":106,"column":28},"end":{"line":113,"column":6}},"34":{"start":{"line":116,"column":33},"end":{"line":116,"column":61}},"35":{"start":{"line":118,"column":4},"end":{"line":118,"column":35}},"36":{"start":{"line":126,"column":30},"end":{"line":145,"column":1}},"37":{"start":{"line":127,"column":2},"end":{"line":144,"column":3}},"38":{"start":{"line":128,"column":22},"end":{"line":128,"column":43}},"39":{"start":{"line":130,"column":28},"end":{"line":134,"column":5}},"40":{"start":{"line":136,"column":4},"end":{"line":138,"column":5}},"41":{"start":{"line":137,"column":6},"end":{"line":137,"column":75}},"42":{"start":{"line":140,"column":4},"end":{"line":140,"column":30}},"43":{"start":{"line":148,"column":31},"end":{"line":164,"column":1}},"44":{"start":{"line":149,"column":2},"end":{"line":163,"column":3}},"45":{"start":{"line":150,"column":22},"end":{"line":150,"column":43}},"46":{"start":{"line":153,"column":28},"end":{"line":153,"column":78}},"47":{"start":{"line":155,"column":4},"end":{"line":157,"column":5}},"48":{"start":{"line":156,"column":6},"end":{"line":156,"column":75}},"49":{"start":{"line":159,"column":4},"end":{"line":159,"column":55}},"50":{"start":{"line":236,"column":0},"end":{"line":243,"column":2}}},"fnMap":{"0":{"name":"(anonymous_0)","decl":{"start":{"line":5,"column":32},"end":{"line":5,"column":33}},"loc":{"start":{"line":5,"column":58},"end":{"line":63,"column":1}},"line":5},"1":{"name":"(anonymous_1)","decl":{"start":{"line":21,"column":27},"end":{"line":21,"column":28}},"loc":{"start":{"line":21,"column":46},"end":{"line":53,"column":7}},"line":21},"2":{"name":"(anonymous_2)","decl":{"start":{"line":66,"column":31},"end":{"line":66,"column":32}},"loc":{"start":{"line":66,"column":57},"end":{"line":78,"column":1}},"line":66},"3":{"name":"(anonymous_3)","decl":{"start":{"line":82,"column":30},"end":{"line":82,"column":31}},"loc":{"start":{"line":82,"column":56},"end":{"line":123,"column":1}},"line":82},"4":{"name":"(anonymous_4)","decl":{"start":{"line":126,"column":30},"end":{"line":126,"column":31}},"loc":{"start":{"line":126,"column":56},"end":{"line":145,"column":1}},"line":126},"5":{"name":"(anonymous_5)","decl":{"start":{"line":148,"column":31},"end":{"line":148,"column":32}},"loc":{"start":{"line":148,"column":57},"end":{"line":164,"column":1}},"line":148}},"branchMap":{"0":{"loc":{"start":{"line":93,"column":4},"end":{"line":95,"column":5}},"type":"if","locations":[{"start":{"line":93,"column":4},"end":{"line":95,"column":5}},{"start":{},"end":{}}],"line":93},"1":{"loc":{"start":{"line":97,"column":4},"end":{"line":99,"column":5}},"type":"if","locations":[{"start":{"line":97,"column":4},"end":{"line":99,"column":5}},{"start":{},"end":{}}],"line":97},"2":{"loc":{"start":{"line":101,"column":4},"end":{"line":103,"column":5}},"type":"if","locations":[{"start":{"line":101,"column":4},"end":{"line":103,"column":5}},{"start":{},"end":{}}],"line":101},"3":{"loc":{"start":{"line":112,"column":15},"end":{"line":112,"column":28}},"type":"binary-expr","locations":[{"start":{"line":112,"column":15},"end":{"line":112,"column":22}},{"start":{"line":112,"column":26},"end":{"line":112,"column":28}}],"line":112},"4":{"loc":{"start":{"line":136,"column":4},"end":{"line":138,"column":5}},"type":"if","locations":[{"start":{"line":136,"column":4},"end":{"line":138,"column":5}},{"start":{},"end":{}}],"line":136},"5":{"loc":{"start":{"line":155,"column":4},"end":{"line":157,"column":5}},"type":"if","locations":[{"start":{"line":155,"column":4},"end":{"line":157,"column":5}},{"start":{},"end":{}}],"line":155}},"s":{"0":4,"1":4,"2":4,"3":4,"4":1,"5":1,"6":1,"7":1,"8":1,"9":1,"10":1,"11":1,"12":1,"13":1,"14":1,"15":4,"16":1,"17":1,"18":1,"19":4,"20":1,"21":1,"22":1,"23":1,"24":1,"25":1,"26":1,"27":1,"28":0,"29":1,"30":0,"31":1,"32":0,"33":1,"34":1,"35":1,"36":4,"37":1,"38":1,"39":1,"40":1,"41":0,"42":1,"43":4,"44":1,"45":1,"46":1,"47":1,"48":0,"49":1,"50":4},"f":{"0":1,"1":1,"2":1,"3":1,"4":1,"5":1},"b":{"0":[0,1],"1":[0,1],"2":[0,1],"3":[1,0],"4":[0,1],"5":[0,1]},"_coverageSchema":"1a1c01bbd47fc00a2c39e90264f33305004495a9","hash":"52b7c9f5f6b10a25192e20a3ca23e09a19a84066"}
,"C:\\Users\\User\\Music\\task1-web-api-nischalbista0\\controllers\\user-controller.js": {"path":"C:\\Users\\User\\Music\\task1-web-api-nischalbista0\\controllers\\user-controller.js","statementMap":{"0":{"start":{"line":1,"column":15},"end":{"line":1,"column":34}},"1":{"start":{"line":2,"column":12},"end":{"line":2,"column":35}},"2":{"start":{"line":3,"column":13},"end":{"line":3,"column":38}},"3":{"start":{"line":4,"column":24},"end":{"line":4,"column":60}},"4":{"start":{"line":6,"column":21},"end":{"line":37,"column":1}},"5":{"start":{"line":7,"column":50},"end":{"line":7,"column":58}},"6":{"start":{"line":9,"column":2},"end":{"line":36,"column":3}},"7":{"start":{"line":10,"column":25},"end":{"line":10,"column":67}},"8":{"start":{"line":11,"column":4},"end":{"line":13,"column":5}},"9":{"start":{"line":12,"column":6},"end":{"line":12,"column":67}},"10":{"start":{"line":15,"column":4},"end":{"line":17,"column":5}},"11":{"start":{"line":16,"column":6},"end":{"line":16,"column":74}},"12":{"start":{"line":19,"column":4},"end":{"line":21,"column":5}},"13":{"start":{"line":20,"column":6},"end":{"line":20,"column":75}},"14":{"start":{"line":23,"column":27},"end":{"line":23,"column":58}},"15":{"start":{"line":25,"column":17},"end":{"line":30,"column":6}},"16":{"start":{"line":32,"column":4},"end":{"line":32,"column":73}},"17":{"start":{"line":39,"column":18},"end":{"line":74,"column":1}},"18":{"start":{"line":40,"column":33},"end":{"line":40,"column":41}},"19":{"start":{"line":42,"column":2},"end":{"line":73,"column":3}},"20":{"start":{"line":43,"column":17},"end":{"line":43,"column":59}},"21":{"start":{"line":44,"column":4},"end":{"line":46,"column":5}},"22":{"start":{"line":45,"column":6},"end":{"line":45,"column":71}},"23":{"start":{"line":48,"column":4},"end":{"line":50,"column":5}},"24":{"start":{"line":49,"column":6},"end":{"line":49,"column":74}},"25":{"start":{"line":52,"column":28},"end":{"line":52,"column":73}},"26":{"start":{"line":53,"column":4},"end":{"line":55,"column":5}},"27":{"start":{"line":54,"column":6},"end":{"line":54,"column":72}},"28":{"start":{"line":57,"column":20},"end":{"line":61,"column":5}},"29":{"start":{"line":63,"column":4},"end":{"line":69,"column":7}},"30":{"start":{"line":64,"column":6},"end":{"line":67,"column":7}},"31":{"start":{"line":68,"column":6},"end":{"line":68,"column":52}},"32":{"start":{"line":76,"column":23},"end":{"line":92,"column":1}},"33":{"start":{"line":77,"column":2},"end":{"line":91,"column":3}},"34":{"start":{"line":78,"column":19},"end":{"line":78,"column":30}},"35":{"start":{"line":80,"column":17},"end":{"line":80,"column":44}},"36":{"start":{"line":81,"column":4},"end":{"line":83,"column":5}},"37":{"start":{"line":82,"column":6},"end":{"line":82,"column":63}},"38":{"start":{"line":85,"column":4},"end":{"line":87,"column":7}},"39":{"start":{"line":94,"column":24},"end":{"line":109,"column":1}},"40":{"start":{"line":95,"column":17},"end":{"line":95,"column":35}},"41":{"start":{"line":97,"column":2},"end":{"line":108,"column":3}},"42":{"start":{"line":98,"column":17},"end":{"line":98,"column":44}},"43":{"start":{"line":99,"column":4},"end":{"line":102,"column":5}},"44":{"start":{"line":104,"column":4},"end":{"line":104,"column":19}},"45":{"start":{"line":111,"column":23},"end":{"line":156,"column":1}},"46":{"start":{"line":112,"column":60},"end":{"line":112,"column":68}},"47":{"start":{"line":113,"column":17},"end":{"line":113,"column":28}},"48":{"start":{"line":115,"column":2},"end":{"line":155,"column":3}},"49":{"start":{"line":117,"column":17},"end":{"line":117,"column":44}},"50":{"start":{"line":118,"column":4},"end":{"line":120,"column":5}},"51":{"start":{"line":119,"column":6},"end":{"line":119,"column":63}},"52":{"start":{"line":123,"column":26},"end":{"line":123,"column":78}},"53":{"start":{"line":124,"column":4},"end":{"line":126,"column":5}},"54":{"start":{"line":125,"column":6},"end":{"line":125,"column":75}},"55":{"start":{"line":129,"column":4},"end":{"line":133,"column":5}},"56":{"start":{"line":130,"column":6},"end":{"line":132,"column":75}},"57":{"start":{"line":136,"column":4},"end":{"line":140,"column":5}},"58":{"start":{"line":137,"column":6},"end":{"line":139,"column":9}},"59":{"start":{"line":143,"column":30},"end":{"line":143,"column":64}},"60":{"start":{"line":146,"column":4},"end":{"line":146,"column":38}},"61":{"start":{"line":149,"column":4},"end":{"line":149,"column":22}},"62":{"start":{"line":151,"column":4},"end":{"line":151,"column":71}},"63":{"start":{"line":158,"column":26},"end":{"line":213,"column":1}},"64":{"start":{"line":159,"column":17},"end":{"line":159,"column":28}},"65":{"start":{"line":160,"column":58},"end":{"line":160,"column":66}},"66":{"start":{"line":162,"column":2},"end":{"line":212,"column":3}},"67":{"start":{"line":163,"column":17},"end":{"line":163,"column":44}},"68":{"start":{"line":164,"column":4},"end":{"line":166,"column":5}},"69":{"start":{"line":165,"column":6},"end":{"line":165,"column":63}},"70":{"start":{"line":169,"column":4},"end":{"line":178,"column":5}},"71":{"start":{"line":170,"column":39},"end":{"line":172,"column":8}},"72":{"start":{"line":173,"column":6},"end":{"line":176,"column":7}},"73":{"start":{"line":177,"column":6},"end":{"line":177,"column":31}},"74":{"start":{"line":179,"column":4},"end":{"line":181,"column":5}},"75":{"start":{"line":180,"column":6},"end":{"line":180,"column":31}},"76":{"start":{"line":182,"column":4},"end":{"line":189,"column":5}},"77":{"start":{"line":183,"column":36},"end":{"line":183,"column":72}},"78":{"start":{"line":184,"column":6},"end":{"line":187,"column":7}},"79":{"start":{"line":188,"column":6},"end":{"line":188,"column":25}},"80":{"start":{"line":190,"column":4},"end":{"line":192,"column":5}},"81":{"start":{"line":191,"column":6},"end":{"line":191,"column":21}},"82":{"start":{"line":193,"column":4},"end":{"line":201,"column":5}},"83":{"start":{"line":194,"column":42},"end":{"line":196,"column":8}},"84":{"start":{"line":197,"column":6},"end":{"line":199,"column":7}},"85":{"start":{"line":198,"column":8},"end":{"line":198,"column":80}},"86":{"start":{"line":200,"column":6},"end":{"line":200,"column":37}},"87":{"start":{"line":204,"column":24},"end":{"line":204,"column":41}},"88":{"start":{"line":206,"column":4},"end":{"line":208,"column":7}},"89":{"start":{"line":216,"column":31},"end":{"line":228,"column":1}},"90":{"start":{"line":217,"column":2},"end":{"line":227,"column":3}},"91":{"start":{"line":218,"column":19},"end":{"line":218,"column":37}},"92":{"start":{"line":220,"column":29},"end":{"line":222,"column":6}},"93":{"start":{"line":224,"column":4},"end":{"line":224,"column":31}},"94":{"start":{"line":256,"column":0},"end":{"line":265,"column":2}},"95":{"start":{"line":272,"column":38},"end":{"line":272,"column":36769}},"96":{"start":{"line":272,"column":42},"end":{"line":272,"column":36758}},"97":{"start":{"line":272,"column":36794},"end":{"line":272,"column":36834}},"98":{"start":{"line":272,"column":36798},"end":{"line":272,"column":36823}},"99":{"start":{"line":272,"column":36835},"end":{"line":272,"column":36843}},"100":{"start":{"line":272,"column":36868},"end":{"line":272,"column":36910}},"101":{"start":{"line":272,"column":36872},"end":{"line":272,"column":36899}},"102":{"start":{"line":272,"column":36911},"end":{"line":272,"column":36919}},"103":{"start":{"line":272,"column":36938},"end":{"line":272,"column":36975}},"104":{"start":{"line":272,"column":36942},"end":{"line":272,"column":36964}},"105":{"start":{"line":272,"column":36994},"end":{"line":272,"column":37034}},"106":{"start":{"line":272,"column":36998},"end":{"line":272,"column":37023}}},"fnMap":{"0":{"name":"(anonymous_0)","decl":{"start":{"line":6,"column":21},"end":{"line":6,"column":22}},"loc":{"start":{"line":6,"column":47},"end":{"line":37,"column":1}},"line":6},"1":{"name":"(anonymous_1)","decl":{"start":{"line":39,"column":18},"end":{"line":39,"column":19}},"loc":{"start":{"line":39,"column":44},"end":{"line":74,"column":1}},"line":39},"2":{"name":"(anonymous_2)","decl":{"start":{"line":63,"column":63},"end":{"line":63,"column":64}},"loc":{"start":{"line":63,"column":79},"end":{"line":69,"column":5}},"line":63},"3":{"name":"(anonymous_3)","decl":{"start":{"line":76,"column":23},"end":{"line":76,"column":24}},"loc":{"start":{"line":76,"column":49},"end":{"line":92,"column":1}},"line":76},"4":{"name":"(anonymous_4)","decl":{"start":{"line":94,"column":24},"end":{"line":94,"column":25}},"loc":{"start":{"line":94,"column":50},"end":{"line":109,"column":1}},"line":94},"5":{"name":"(anonymous_5)","decl":{"start":{"line":111,"column":23},"end":{"line":111,"column":24}},"loc":{"start":{"line":111,"column":49},"end":{"line":156,"column":1}},"line":111},"6":{"name":"(anonymous_6)","decl":{"start":{"line":158,"column":26},"end":{"line":158,"column":27}},"loc":{"start":{"line":158,"column":52},"end":{"line":213,"column":1}},"line":158},"7":{"name":"(anonymous_7)","decl":{"start":{"line":216,"column":31},"end":{"line":216,"column":32}},"loc":{"start":{"line":216,"column":57},"end":{"line":228,"column":1}},"line":216},"8":{"name":"oo_cm","decl":{"start":{"line":272,"column":30},"end":{"line":272,"column":35}},"loc":{"start":{"line":272,"column":37},"end":{"line":272,"column":36770}},"line":272},"9":{"name":"oo_oo","decl":{"start":{"line":272,"column":36780},"end":{"line":272,"column":36785}},"loc":{"start":{"line":272,"column":36793},"end":{"line":272,"column":36844}},"line":272},"10":{"name":"oo_tr","decl":{"start":{"line":272,"column":36854},"end":{"line":272,"column":36859}},"loc":{"start":{"line":272,"column":36867},"end":{"line":272,"column":36920}},"line":272},"11":{"name":"oo_ts","decl":{"start":{"line":272,"column":36930},"end":{"line":272,"column":36935}},"loc":{"start":{"line":272,"column":36937},"end":{"line":272,"column":36976}},"line":272},"12":{"name":"oo_te","decl":{"start":{"line":272,"column":36986},"end":{"line":272,"column":36991}},"loc":{"start":{"line":272,"column":36993},"end":{"line":272,"column":37035}},"line":272}},"branchMap":{"0":{"loc":{"start":{"line":11,"column":4},"end":{"line":13,"column":5}},"type":"if","locations":[{"start":{"line":11,"column":4},"end":{"line":13,"column":5}},{"start":{},"end":{}}],"line":11},"1":{"loc":{"start":{"line":15,"column":4},"end":{"line":17,"column":5}},"type":"if","locations":[{"start":{"line":15,"column":4},"end":{"line":17,"column":5}},{"start":{},"end":{}}],"line":15},"2":{"loc":{"start":{"line":15,"column":8},"end":{"line":15,"column":53}},"type":"binary-expr","locations":[{"start":{"line":15,"column":8},"end":{"line":15,"column":17}},{"start":{"line":15,"column":21},"end":{"line":15,"column":30}},{"start":{"line":15,"column":34},"end":{"line":15,"column":43}},{"start":{"line":15,"column":47},"end":{"line":15,"column":53}}],"line":15},"3":{"loc":{"start":{"line":19,"column":4},"end":{"line":21,"column":5}},"type":"if","locations":[{"start":{"line":19,"column":4},"end":{"line":21,"column":5}},{"start":{},"end":{}}],"line":19},"4":{"loc":{"start":{"line":19,"column":8},"end":{"line":19,"column":52}},"type":"binary-expr","locations":[{"start":{"line":19,"column":8},"end":{"line":19,"column":28}},{"start":{"line":19,"column":32},"end":{"line":19,"column":52}}],"line":19},"5":{"loc":{"start":{"line":44,"column":4},"end":{"line":46,"column":5}},"type":"if","locations":[{"start":{"line":44,"column":4},"end":{"line":46,"column":5}},{"start":{},"end":{}}],"line":44},"6":{"loc":{"start":{"line":48,"column":4},"end":{"line":50,"column":5}},"type":"if","locations":[{"start":{"line":48,"column":4},"end":{"line":50,"column":5}},{"start":{},"end":{}}],"line":48},"7":{"loc":{"start":{"line":48,"column":8},"end":{"line":48,"column":30}},"type":"binary-expr","locations":[{"start":{"line":48,"column":8},"end":{"line":48,"column":17}},{"start":{"line":48,"column":21},"end":{"line":48,"column":30}}],"line":48},"8":{"loc":{"start":{"line":53,"column":4},"end":{"line":55,"column":5}},"type":"if","locations":[{"start":{"line":53,"column":4},"end":{"line":55,"column":5}},{"start":{},"end":{}}],"line":53},"9":{"loc":{"start":{"line":64,"column":6},"end":{"line":67,"column":7}},"type":"if","locations":[{"start":{"line":64,"column":6},"end":{"line":67,"column":7}},{"start":{},"end":{}}],"line":64},"10":{"loc":{"start":{"line":81,"column":4},"end":{"line":83,"column":5}},"type":"if","locations":[{"start":{"line":81,"column":4},"end":{"line":83,"column":5}},{"start":{},"end":{}}],"line":81},"11":{"loc":{"start":{"line":99,"column":4},"end":{"line":102,"column":5}},"type":"if","locations":[{"start":{"line":99,"column":4},"end":{"line":102,"column":5}},{"start":{},"end":{}}],"line":99},"12":{"loc":{"start":{"line":118,"column":4},"end":{"line":120,"column":5}},"type":"if","locations":[{"start":{"line":118,"column":4},"end":{"line":120,"column":5}},{"start":{},"end":{}}],"line":118},"13":{"loc":{"start":{"line":124,"column":4},"end":{"line":126,"column":5}},"type":"if","locations":[{"start":{"line":124,"column":4},"end":{"line":126,"column":5}},{"start":{},"end":{}}],"line":124},"14":{"loc":{"start":{"line":129,"column":4},"end":{"line":133,"column":5}},"type":"if","locations":[{"start":{"line":129,"column":4},"end":{"line":133,"column":5}},{"start":{},"end":{}}],"line":129},"15":{"loc":{"start":{"line":136,"column":4},"end":{"line":140,"column":5}},"type":"if","locations":[{"start":{"line":136,"column":4},"end":{"line":140,"column":5}},{"start":{},"end":{}}],"line":136},"16":{"loc":{"start":{"line":164,"column":4},"end":{"line":166,"column":5}},"type":"if","locations":[{"start":{"line":164,"column":4},"end":{"line":166,"column":5}},{"start":{},"end":{}}],"line":164},"17":{"loc":{"start":{"line":169,"column":4},"end":{"line":178,"column":5}},"type":"if","locations":[{"start":{"line":169,"column":4},"end":{"line":178,"column":5}},{"start":{},"end":{}}],"line":169},"18":{"loc":{"start":{"line":169,"column":8},"end":{"line":169,"column":65}},"type":"binary-expr","locations":[{"start":{"line":169,"column":8},"end":{"line":169,"column":16}},{"start":{"line":169,"column":20},"end":{"line":169,"column":35}},{"start":{"line":169,"column":39},"end":{"line":169,"column":65}}],"line":169},"19":{"loc":{"start":{"line":173,"column":6},"end":{"line":176,"column":7}},"type":"if","locations":[{"start":{"line":173,"column":6},"end":{"line":176,"column":7}},{"start":{},"end":{}}],"line":173},"20":{"loc":{"start":{"line":179,"column":4},"end":{"line":181,"column":5}},"type":"if","locations":[{"start":{"line":179,"column":4},"end":{"line":181,"column":5}},{"start":{},"end":{}}],"line":179},"21":{"loc":{"start":{"line":179,"column":8},"end":{"line":179,"column":65}},"type":"binary-expr","locations":[{"start":{"line":179,"column":8},"end":{"line":179,"column":16}},{"start":{"line":179,"column":20},"end":{"line":179,"column":35}},{"start":{"line":179,"column":39},"end":{"line":179,"column":65}}],"line":179},"22":{"loc":{"start":{"line":182,"column":4},"end":{"line":189,"column":5}},"type":"if","locations":[{"start":{"line":182,"column":4},"end":{"line":189,"column":5}},{"start":{},"end":{}}],"line":182},"23":{"loc":{"start":{"line":182,"column":8},"end":{"line":182,"column":53}},"type":"binary-expr","locations":[{"start":{"line":182,"column":8},"end":{"line":182,"column":13}},{"start":{"line":182,"column":17},"end":{"line":182,"column":29}},{"start":{"line":182,"column":33},"end":{"line":182,"column":53}}],"line":182},"24":{"loc":{"start":{"line":184,"column":6},"end":{"line":187,"column":7}},"type":"if","locations":[{"start":{"line":184,"column":6},"end":{"line":187,"column":7}},{"start":{},"end":{}}],"line":184},"25":{"loc":{"start":{"line":190,"column":4},"end":{"line":192,"column":5}},"type":"if","locations":[{"start":{"line":190,"column":4},"end":{"line":192,"column":5}},{"start":{},"end":{}}],"line":190},"26":{"loc":{"start":{"line":190,"column":8},"end":{"line":190,"column":45}},"type":"binary-expr","locations":[{"start":{"line":190,"column":8},"end":{"line":190,"column":25}},{"start":{"line":190,"column":29},"end":{"line":190,"column":45}}],"line":190},"27":{"loc":{"start":{"line":193,"column":4},"end":{"line":201,"column":5}},"type":"if","locations":[{"start":{"line":193,"column":4},"end":{"line":201,"column":5}},{"start":{},"end":{}}],"line":193},"28":{"loc":{"start":{"line":193,"column":8},"end":{"line":193,"column":69}},"type":"binary-expr","locations":[{"start":{"line":193,"column":8},"end":{"line":193,"column":33}},{"start":{"line":193,"column":37},"end":{"line":193,"column":69}}],"line":193},"29":{"loc":{"start":{"line":197,"column":6},"end":{"line":199,"column":7}},"type":"if","locations":[{"start":{"line":197,"column":6},"end":{"line":199,"column":7}},{"start":{},"end":{}}],"line":197},"30":{"loc":{"start":{"line":272,"column":49},"end":{"line":272,"column":36757}},"type":"binary-expr","locations":[{"start":{"line":272,"column":49},"end":{"line":272,"column":86}},{"start":{"line":272,"column":90},"end":{"line":272,"column":36757}}],"line":272}},"s":{"0":4,"1":4,"2":4,"3":4,"4":4,"5":6,"6":6,"7":6,"8":6,"9":1,"10":5,"11":1,"12":4,"13":0,"14":4,"15":4,"16":4,"17":4,"18":8,"19":8,"20":8,"21":8,"22":1,"23":7,"24":1,"25":6,"26":6,"27":1,"28":5,"29":5,"30":5,"31":5,"32":4,"33":0,"34":0,"35":0,"36":0,"37":0,"38":0,"39":4,"40":1,"41":1,"42":1,"43":1,"44":1,"45":4,"46":4,"47":4,"48":4,"49":4,"50":4,"51":0,"52":4,"53":4,"54":1,"55":3,"56":1,"57":2,"58":1,"59":1,"60":1,"61":1,"62":1,"63":4,"64":5,"65":5,"66":5,"67":5,"68":5,"69":0,"70":5,"71":1,"72":1,"73":0,"74":4,"75":1,"76":4,"77":1,"78":1,"79":0,"80":3,"81":1,"82":3,"83":2,"84":2,"85":1,"86":1,"87":2,"88":2,"89":4,"90":1,"91":1,"92":1,"93":1,"94":4,"95":0,"96":0,"97":0,"98":0,"99":0,"100":0,"101":0,"102":0,"103":0,"104":0,"105":0,"106":0},"f":{"0":6,"1":8,"2":5,"3":0,"4":1,"5":4,"6":5,"7":1,"8":0,"9":0,"10":0,"11":0,"12":0},"b":{"0":[1,5],"1":[1,4],"2":[5,5,5,5],"3":[0,4],"4":[4,4],"5":[1,7],"6":[1,6],"7":[7,7],"8":[1,5],"9":[0,5],"10":[0,0],"11":[0,1],"12":[0,4],"13":[1,3],"14":[1,2],"15":[1,1],"16":[0,5],"17":[1,4],"18":[5,1,1],"19":[1,0],"20":[1,3],"21":[4,1,1],"22":[1,3],"23":[4,1,1],"24":[1,0],"25":[1,2],"26":[3,1],"27":[2,1],"28":[3,2],"29":[1,1],"30":[0,0]},"_coverageSchema":"1a1c01bbd47fc00a2c39e90264f33305004495a9","hash":"7d71885b156efbd07c2115bbc0bc58ae5b89c8cb"}
,"C:\\Users\\User\\Music\\task1-web-api-nischalbista0\\middlewares\\auth.js": {"path":"C:\\Users\\User\\Music\\task1-web-api-nischalbista0\\middlewares\\auth.js","statementMap":{"0":{"start":{"line":1,"column":12},"end":{"line":1,"column":35}},"1":{"start":{"line":3,"column":19},"end":{"line":15,"column":1}},"2":{"start":{"line":4,"column":14},"end":{"line":4,"column":39}},"3":{"start":{"line":5,"column":2},"end":{"line":5,"column":79}},"4":{"start":{"line":5,"column":14},"end":{"line":5,"column":79}},"5":{"start":{"line":6,"column":2},"end":{"line":6,"column":30}},"6":{"start":{"line":8,"column":2},"end":{"line":14,"column":3}},"7":{"start":{"line":9,"column":20},"end":{"line":9,"column":63}},"8":{"start":{"line":10,"column":4},"end":{"line":10,"column":23}},"9":{"start":{"line":11,"column":4},"end":{"line":11,"column":11}},"10":{"start":{"line":13,"column":4},"end":{"line":13,"column":51}},"11":{"start":{"line":17,"column":0},"end":{"line":17,"column":32}}},"fnMap":{"0":{"name":"(anonymous_0)","decl":{"start":{"line":3,"column":19},"end":{"line":3,"column":20}},"loc":{"start":{"line":3,"column":45},"end":{"line":15,"column":1}},"line":3}},"branchMap":{"0":{"loc":{"start":{"line":5,"column":2},"end":{"line":5,"column":79}},"type":"if","locations":[{"start":{"line":5,"column":2},"end":{"line":5,"column":79}},{"start":{},"end":{}}],"line":5}},"s":{"0":4,"1":4,"2":35,"3":35,"4":1,"5":34,"6":34,"7":34,"8":34,"9":34,"10":0,"11":4},"f":{"0":35},"b":{"0":[1,34]},"_coverageSchema":"1a1c01bbd47fc00a2c39e90264f33305004495a9","hash":"bf4efe415021572c175343ca9fb428f799a0411c"}
,"C:\\Users\\User\\Music\\task1-web-api-nischalbista0\\middlewares\\uploads.js": {"path":"C:\\Users\\User\\Music\\task1-web-api-nischalbista0\\middlewares\\uploads.js","statementMap":{"0":{"start":{"line":1,"column":15},"end":{"line":1,"column":32}},"1":{"start":{"line":2,"column":16},"end":{"line":2,"column":31}},"2":{"start":{"line":3,"column":13},"end":{"line":3,"column":28}},"3":{"start":{"line":5,"column":16},"end":{"line":13,"column":2}},"4":{"start":{"line":7,"column":4},"end":{"line":7,"column":31}},"5":{"start":{"line":10,"column":14},"end":{"line":10,"column":45}},"6":{"start":{"line":11,"column":4},"end":{"line":11,"column":40}},"7":{"start":{"line":15,"column":24},"end":{"line":20,"column":1}},"8":{"start":{"line":16,"column":2},"end":{"line":18,"column":3}},"9":{"start":{"line":17,"column":4},"end":{"line":17,"column":62}},"10":{"start":{"line":19,"column":2},"end":{"line":19,"column":17}},"11":{"start":{"line":22,"column":15},"end":{"line":26,"column":27}},"12":{"start":{"line":28,"column":0},"end":{"line":28,"column":24}}},"fnMap":{"0":{"name":"(anonymous_0)","decl":{"start":{"line":6,"column":15},"end":{"line":6,"column":16}},"loc":{"start":{"line":6,"column":34},"end":{"line":8,"column":3}},"line":6},"1":{"name":"(anonymous_1)","decl":{"start":{"line":9,"column":12},"end":{"line":9,"column":13}},"loc":{"start":{"line":9,"column":31},"end":{"line":12,"column":3}},"line":9},"2":{"name":"(anonymous_2)","decl":{"start":{"line":15,"column":24},"end":{"line":15,"column":25}},"loc":{"start":{"line":15,"column":43},"end":{"line":20,"column":1}},"line":15}},"branchMap":{"0":{"loc":{"start":{"line":16,"column":2},"end":{"line":18,"column":3}},"type":"if","locations":[{"start":{"line":16,"column":2},"end":{"line":18,"column":3}},{"start":{},"end":{}}],"line":16}},"s":{"0":4,"1":4,"2":4,"3":4,"4":0,"5":0,"6":0,"7":4,"8":0,"9":0,"10":0,"11":4,"12":4},"f":{"0":0,"1":0,"2":0},"b":{"0":[0,0]},"_coverageSchema":"1a1c01bbd47fc00a2c39e90264f33305004495a9","hash":"48605443a7c2fcdd2a9b1ad98c06bc29409bcd85"}
,"C:\\Users\\User\\Music\\task1-web-api-nischalbista0\\models\\Books.js": {"path":"C:\\Users\\User\\Music\\task1-web-api-nischalbista0\\models\\Books.js","statementMap":{"0":{"start":{"line":1,"column":17},"end":{"line":1,"column":36}},"1":{"start":{"line":3,"column":19},"end":{"line":39,"column":1}},"2":{"start":{"line":41,"column":13},"end":{"line":41,"column":47}},"3":{"start":{"line":43,"column":0},"end":{"line":43,"column":22}}},"fnMap":{},"branchMap":{},"s":{"0":4,"1":4,"2":4,"3":4},"f":{},"b":{},"_coverageSchema":"1a1c01bbd47fc00a2c39e90264f33305004495a9","hash":"1c85e0d8d1666e1602ba7de114e71b876d8095da"}
,"C:\\Users\\User\\Music\\task1-web-api-nischalbista0\\models\\ExchangeRequest.js": {"path":"C:\\Users\\User\\Music\\task1-web-api-nischalbista0\\models\\ExchangeRequest.js","statementMap":{"0":{"start":{"line":1,"column":17},"end":{"line":1,"column":36}},"1":{"start":{"line":3,"column":30},"end":{"line":41,"column":2}},"2":{"start":{"line":43,"column":24},"end":{"line":46,"column":1}},"3":{"start":{"line":48,"column":0},"end":{"line":48,"column":33}}},"fnMap":{},"branchMap":{},"s":{"0":4,"1":4,"2":4,"3":4},"f":{},"b":{},"_coverageSchema":"1a1c01bbd47fc00a2c39e90264f33305004495a9","hash":"3e7d1ee1baf55287cbf6eb80835efa27d5e00bb4"}
,"C:\\Users\\User\\Music\\task1-web-api-nischalbista0\\models\\User.js": {"path":"C:\\Users\\User\\Music\\task1-web-api-nischalbista0\\models\\User.js","statementMap":{"0":{"start":{"line":1,"column":17},"end":{"line":1,"column":36}},"1":{"start":{"line":2,"column":15},"end":{"line":2,"column":30}},"2":{"start":{"line":3,"column":13},"end":{"line":3,"column":31}},"3":{"start":{"line":5,"column":19},"end":{"line":50,"column":2}},"4":{"start":{"line":53,"column":0},"end":{"line":60,"column":3}},"5":{"start":{"line":55,"column":4},"end":{"line":55,"column":50}},"6":{"start":{"line":56,"column":4},"end":{"line":56,"column":32}},"7":{"start":{"line":58,"column":4},"end":{"line":58,"column":32}},"8":{"start":{"line":62,"column":0},"end":{"line":62,"column":52}}},"fnMap":{"0":{"name":"(anonymous_0)","decl":{"start":{"line":54,"column":13},"end":{"line":54,"column":14}},"loc":{"start":{"line":54,"column":45},"end":{"line":59,"column":3}},"line":54}},"branchMap":{},"s":{"0":4,"1":4,"2":4,"3":4,"4":4,"5":4,"6":4,"7":4,"8":4},"f":{"0":4},"b":{},"_coverageSchema":"1a1c01bbd47fc00a2c39e90264f33305004495a9","hash":"965e82ed2fe00bef98fde304fa84758f9aadb362"}
,"C:\\Users\\User\\Music\\task1-web-api-nischalbista0\\routes\\book-routes.js": {"path":"C:\\Users\\User\\Music\\task1-web-api-nischalbista0\\routes\\book-routes.js","statementMap":{"0":{"start":{"line":1,"column":16},"end":{"line":1,"column":34}},"1":{"start":{"line":2,"column":15},"end":{"line":2,"column":31}},"2":{"start":{"line":3,"column":23},"end":{"line":3,"column":64}},"3":{"start":{"line":4,"column":23},"end":{"line":4,"column":53}},"4":{"start":{"line":5,"column":15},"end":{"line":5,"column":48}},"5":{"start":{"line":7,"column":0},"end":{"line":12,"column":79}},"6":{"start":{"line":11,"column":21},"end":{"line":11,"column":74}},"7":{"start":{"line":12,"column":24},"end":{"line":12,"column":77}},"8":{"start":{"line":14,"column":0},"end":{"line":19,"column":2}},"9":{"start":{"line":22,"column":0},"end":{"line":22,"column":75}},"10":{"start":{"line":25,"column":0},"end":{"line":29,"column":2}},"11":{"start":{"line":32,"column":0},"end":{"line":32,"column":70}},"12":{"start":{"line":35,"column":0},"end":{"line":35,"column":50}},"13":{"start":{"line":37,"column":0},"end":{"line":44,"column":41}},"14":{"start":{"line":41,"column":4},"end":{"line":41,"column":67}},"15":{"start":{"line":47,"column":0},"end":{"line":47,"column":75}},"16":{"start":{"line":50,"column":0},"end":{"line":50,"column":79}},"17":{"start":{"line":52,"column":0},"end":{"line":52,"column":24}}},"fnMap":{"0":{"name":"(anonymous_0)","decl":{"start":{"line":11,"column":7},"end":{"line":11,"column":8}},"loc":{"start":{"line":11,"column":21},"end":{"line":11,"column":74}},"line":11},"1":{"name":"(anonymous_1)","decl":{"start":{"line":12,"column":10},"end":{"line":12,"column":11}},"loc":{"start":{"line":12,"column":24},"end":{"line":12,"column":77}},"line":12},"2":{"name":"(anonymous_2)","decl":{"start":{"line":40,"column":8},"end":{"line":40,"column":9}},"loc":{"start":{"line":40,"column":22},"end":{"line":42,"column":3}},"line":40}},"branchMap":{},"s":{"0":4,"1":4,"2":4,"3":4,"4":4,"5":4,"6":0,"7":0,"8":4,"9":4,"10":4,"11":4,"12":4,"13":4,"14":0,"15":4,"16":4,"17":4},"f":{"0":0,"1":0,"2":0},"b":{},"_coverageSchema":"1a1c01bbd47fc00a2c39e90264f33305004495a9","hash":"0bee2674adb79175ed5674abdd3b141c90aba905"}
,"C:\\Users\\User\\Music\\task1-web-api-nischalbista0\\routes\\exchange-routes.js": {"path":"C:\\Users\\User\\Music\\task1-web-api-nischalbista0\\routes\\exchange-routes.js","statementMap":{"0":{"start":{"line":1,"column":16},"end":{"line":1,"column":34}},"1":{"start":{"line":2,"column":15},"end":{"line":2,"column":31}},"2":{"start":{"line":3,"column":23},"end":{"line":3,"column":53}},"3":{"start":{"line":4,"column":34},"end":{"line":4,"column":86}},"4":{"start":{"line":7,"column":0},"end":{"line":7,"column":78}},"5":{"start":{"line":10,"column":0},"end":{"line":14,"column":2}},"6":{"start":{"line":17,"column":0},"end":{"line":21,"column":2}},"7":{"start":{"line":24,"column":0},"end":{"line":27,"column":2}},"8":{"start":{"line":30,"column":0},"end":{"line":33,"column":2}},"9":{"start":{"line":36,"column":0},"end":{"line":40,"column":2}},"10":{"start":{"line":42,"column":0},"end":{"line":42,"column":24}}},"fnMap":{},"branchMap":{},"s":{"0":4,"1":4,"2":4,"3":4,"4":4,"5":4,"6":4,"7":4,"8":4,"9":4,"10":4},"f":{},"b":{},"_coverageSchema":"1a1c01bbd47fc00a2c39e90264f33305004495a9","hash":"7f8b985452a787f7be3f5802646688975f2edb16"}
,"C:\\Users\\User\\Music\\task1-web-api-nischalbista0\\routes\\user-routes.js": {"path":"C:\\Users\\User\\Music\\task1-web-api-nischalbista0\\routes\\user-routes.js","statementMap":{"0":{"start":{"line":1,"column":16},"end":{"line":1,"column":34}},"1":{"start":{"line":2,"column":15},"end":{"line":2,"column":31}},"2":{"start":{"line":3,"column":15},"end":{"line":3,"column":48}},"3":{"start":{"line":4,"column":23},"end":{"line":4,"column":64}},"4":{"start":{"line":5,"column":23},"end":{"line":5,"column":53}},"5":{"start":{"line":8,"column":0},"end":{"line":8,"column":54}},"6":{"start":{"line":11,"column":0},"end":{"line":11,"column":48}},"7":{"start":{"line":14,"column":0},"end":{"line":14,"column":59}},"8":{"start":{"line":17,"column":0},"end":{"line":17,"column":56}},"9":{"start":{"line":20,"column":0},"end":{"line":20,"column":74}},"10":{"start":{"line":23,"column":0},"end":{"line":23,"column":74}},"11":{"start":{"line":26,"column":0},"end":{"line":26,"column":76}},"12":{"start":{"line":29,"column":0},"end":{"line":32,"column":2}},"13":{"start":{"line":34,"column":0},"end":{"line":34,"column":24}}},"fnMap":{},"branchMap":{},"s":{"0":4,"1":4,"2":4,"3":4,"4":4,"5":4,"6":4,"7":4,"8":4,"9":4,"10":4,"11":4,"12":4,"13":4},"f":{},"b":{},"_coverageSchema":"1a1c01bbd47fc00a2c39e90264f33305004495a9","hash":"c9635c6fcaabc2c687d963acfe584c912d16e8ea"}
}
