TN:
SF:app.js
FN:16,(anonymous_0)
FN:19,(anonymous_1)
FN:49,(anonymous_2)
FN:60,oo_cm
FN:60,oo_oo
FN:60,oo_tr
FN:60,oo_ts
FN:60,oo_te
FNF:8
FNH:4
FNDA:4,(anonymous_0)
FNDA:0,(anonymous_1)
FNDA:2,(anonymous_2)
FNDA:4,oo_cm
FNDA:4,oo_oo
FNDA:0,oo_tr
FNDA:0,oo_ts
FNDA:0,oo_te
DA:1,4
DA:2,4
DA:3,4
DA:4,4
DA:5,4
DA:6,4
DA:7,4
DA:8,4
DA:10,4
DA:14,4
DA:17,4
DA:19,0
DA:21,4
DA:23,4
DA:25,4
DA:26,4
DA:28,4
DA:30,4
DA:32,4
DA:49,4
DA:50,2
DA:53,4
DA:60,4
LF:23
LH:22
BRDA:10,0,0,4
BRDA:10,0,1,0
BRDA:60,1,0,4
BRDA:60,1,1,4
BRF:4
BRH:3
end_of_record
TN:
SF:controllers\book-controller.js
FN:5,(anonymous_0)
FN:17,(anonymous_1)
FN:26,(anonymous_2)
FN:53,(anonymous_3)
FN:66,(anonymous_4)
FN:77,(anonymous_5)
FN:108,(anonymous_6)
FN:146,(anonymous_7)
FN:178,(anonymous_8)
FN:180,(anonymous_9)
FN:191,(anonymous_10)
FN:193,(anonymous_11)
FN:197,(anonymous_12)
FN:199,(anonymous_13)
FN:203,(anonymous_14)
FN:212,(anonymous_15)
FN:223,(anonymous_16)
FN:229,(anonymous_17)
FN:253,(anonymous_18)
FN:268,(anonymous_19)
FNF:20
FNH:19
FNDA:1,(anonymous_0)
FNDA:1,(anonymous_1)
FNDA:1,(anonymous_2)
FNDA:1,(anonymous_3)
FNDA:1,(anonymous_4)
FNDA:1,(anonymous_5)
FNDA:1,(anonymous_6)
FNDA:3,(anonymous_7)
FNDA:1,(anonymous_8)
FNDA:1,(anonymous_9)
FNDA:2,(anonymous_10)
FNDA:2,(anonymous_11)
FNDA:2,(anonymous_12)
FNDA:2,(anonymous_13)
FNDA:1,(anonymous_14)
FNDA:1,(anonymous_15)
FNDA:0,(anonymous_16)
FNDA:1,(anonymous_17)
FNDA:1,(anonymous_18)
FNDA:1,(anonymous_19)
DA:1,4
DA:2,4
DA:3,4
DA:5,4
DA:6,1
DA:7,1
DA:8,1
DA:17,4
DA:18,1
DA:19,1
DA:21,1
DA:23,1
DA:25,1
DA:26,1
DA:27,1
DA:28,1
DA:31,1
DA:32,1
DA:33,0
DA:34,0
DA:35,0
DA:36,0
DA:38,0
DA:41,1
DA:45,1
DA:53,1
DA:54,1
DA:57,1
DA:66,4
DA:67,1
DA:68,1
DA:71,1
DA:73,1
DA:74,0
DA:77,1
DA:78,1
DA:79,1
DA:80,1
DA:83,1
DA:84,1
DA:85,0
DA:86,0
DA:87,0
DA:88,0
DA:90,0
DA:93,1
DA:100,1
DA:102,0
DA:103,0
DA:108,4
DA:109,1
DA:110,1
DA:112,1
DA:116,1
DA:146,4
DA:147,3
DA:148,3
DA:151,3
DA:153,3
DA:154,3
DA:155,0
DA:158,3
DA:168,3
DA:169,3
DA:174,3
DA:178,4
DA:179,1
DA:181,1
DA:182,0
DA:184,1
DA:191,4
DA:192,2
DA:193,2
DA:197,4
DA:198,2
DA:199,2
DA:203,4
DA:204,1
DA:206,1
DA:213,1
DA:215,0
DA:218,1
DA:229,4
DA:230,1
DA:231,1
DA:232,1
DA:234,1
DA:235,1
DA:236,0
DA:239,1
DA:240,0
DA:243,1
DA:244,1
DA:246,1
DA:253,4
DA:254,1
DA:255,1
DA:256,1
DA:258,1
DA:259,1
DA:260,0
DA:263,1
DA:264,0
DA:267,1
DA:268,1
DA:270,1
DA:272,1
DA:279,4
LF:108
LH:88
BRDA:31,0,0,1
BRDA:31,0,1,0
BRDA:33,1,0,0
BRDA:33,1,1,0
BRDA:35,2,0,0
BRDA:35,2,1,0
BRDA:54,3,0,1
BRDA:54,3,1,1
BRDA:73,4,0,0
BRDA:73,4,1,1
BRDA:83,5,0,1
BRDA:83,5,1,0
BRDA:85,6,0,0
BRDA:85,6,1,0
BRDA:87,7,0,0
BRDA:87,7,1,0
BRDA:151,8,0,3
BRDA:151,8,1,3
BRDA:154,9,0,0
BRDA:154,9,1,3
BRDA:154,10,0,3
BRDA:154,10,1,3
BRDA:154,10,2,3
BRDA:154,10,3,3
BRDA:154,10,4,3
BRDA:181,11,0,0
BRDA:181,11,1,1
BRDA:213,12,0,0
BRDA:213,12,1,1
BRDA:235,13,0,0
BRDA:235,13,1,1
BRDA:239,14,0,0
BRDA:239,14,1,1
BRDA:259,15,0,0
BRDA:259,15,1,1
BRDA:263,16,0,0
BRDA:263,16,1,1
BRF:37
BRH:19
end_of_record
TN:
SF:controllers\exchangeRequest-controller.js
FN:5,(anonymous_0)
FN:21,(anonymous_1)
FN:66,(anonymous_2)
FN:82,(anonymous_3)
FN:126,(anonymous_4)
FN:148,(anonymous_5)
FNF:6
FNH:6
FNDA:1,(anonymous_0)
FNDA:1,(anonymous_1)
FNDA:1,(anonymous_2)
FNDA:1,(anonymous_3)
FNDA:1,(anonymous_4)
FNDA:1,(anonymous_5)
DA:1,4
DA:2,4
DA:3,4
DA:5,4
DA:6,1
DA:7,1
DA:9,1
DA:12,1
DA:20,1
DA:22,1
DA:24,1
DA:25,1
DA:26,1
DA:41,1
DA:56,1
DA:66,4
DA:67,1
DA:68,1
DA:73,1
DA:82,4
DA:83,1
DA:84,1
DA:85,1
DA:86,1
DA:89,1
DA:90,1
DA:91,1
DA:93,1
DA:94,0
DA:97,1
DA:98,0
DA:101,1
DA:102,0
DA:106,1
DA:116,1
DA:118,1
DA:126,4
DA:127,1
DA:128,1
DA:130,1
DA:136,1
DA:137,0
DA:140,1
DA:148,4
DA:149,1
DA:150,1
DA:153,1
DA:155,1
DA:156,0
DA:159,1
DA:236,4
LF:51
LH:46
BRDA:93,0,0,0
BRDA:93,0,1,1
BRDA:97,1,0,0
BRDA:97,1,1,1
BRDA:101,2,0,0
BRDA:101,2,1,1
BRDA:112,3,0,1
BRDA:112,3,1,0
BRDA:136,4,0,0
BRDA:136,4,1,1
BRDA:155,5,0,0
BRDA:155,5,1,1
BRF:12
BRH:6
end_of_record
TN:
SF:controllers\user-controller.js
FN:6,(anonymous_0)
FN:39,(anonymous_1)
FN:63,(anonymous_2)
FN:76,(anonymous_3)
FN:94,(anonymous_4)
FN:111,(anonymous_5)
FN:158,(anonymous_6)
FN:216,(anonymous_7)
FN:272,oo_cm
FN:272,oo_oo
FN:272,oo_tr
FN:272,oo_ts
FN:272,oo_te
FNF:13
FNH:7
FNDA:6,(anonymous_0)
FNDA:8,(anonymous_1)
FNDA:5,(anonymous_2)
FNDA:0,(anonymous_3)
FNDA:1,(anonymous_4)
FNDA:4,(anonymous_5)
FNDA:5,(anonymous_6)
FNDA:1,(anonymous_7)
FNDA:0,oo_cm
FNDA:0,oo_oo
FNDA:0,oo_tr
FNDA:0,oo_ts
FNDA:0,oo_te
DA:1,4
DA:2,4
DA:3,4
DA:4,4
DA:6,4
DA:7,6
DA:9,6
DA:10,6
DA:11,6
DA:12,1
DA:15,5
DA:16,1
DA:19,4
DA:20,0
DA:23,4
DA:25,4
DA:32,4
DA:39,4
DA:40,8
DA:42,8
DA:43,8
DA:44,8
DA:45,1
DA:48,7
DA:49,1
DA:52,6
DA:53,6
DA:54,1
DA:57,5
DA:63,5
DA:64,5
DA:68,5
DA:76,4
DA:77,0
DA:78,0
DA:80,0
DA:81,0
DA:82,0
DA:85,0
DA:94,4
DA:95,1
DA:97,1
DA:98,1
DA:99,1
DA:104,1
DA:111,4
DA:112,4
DA:113,4
DA:115,4
DA:117,4
DA:118,4
DA:119,0
DA:123,4
DA:124,4
DA:125,1
DA:129,3
DA:130,1
DA:136,2
DA:137,1
DA:143,1
DA:146,1
DA:149,1
DA:151,1
DA:158,4
DA:159,5
DA:160,5
DA:162,5
DA:163,5
DA:164,5
DA:165,0
DA:169,5
DA:170,1
DA:173,1
DA:177,0
DA:179,4
DA:180,1
DA:182,4
DA:183,1
DA:184,1
DA:188,0
DA:190,3
DA:191,1
DA:193,3
DA:194,2
DA:197,2
DA:198,1
DA:200,1
DA:204,2
DA:206,2
DA:216,4
DA:217,1
DA:218,1
DA:220,1
DA:224,1
DA:256,4
DA:272,0
LF:96
LH:84
BRDA:11,0,0,1
BRDA:11,0,1,5
BRDA:15,1,0,1
BRDA:15,1,1,4
BRDA:15,2,0,5
BRDA:15,2,1,5
BRDA:15,2,2,5
BRDA:15,2,3,5
BRDA:19,3,0,0
BRDA:19,3,1,4
BRDA:19,4,0,4
BRDA:19,4,1,4
BRDA:44,5,0,1
BRDA:44,5,1,7
BRDA:48,6,0,1
BRDA:48,6,1,6
BRDA:48,7,0,7
BRDA:48,7,1,7
BRDA:53,8,0,1
BRDA:53,8,1,5
BRDA:64,9,0,0
BRDA:64,9,1,5
BRDA:81,10,0,0
BRDA:81,10,1,0
BRDA:99,11,0,0
BRDA:99,11,1,1
BRDA:118,12,0,0
BRDA:118,12,1,4
BRDA:124,13,0,1
BRDA:124,13,1,3
BRDA:129,14,0,1
BRDA:129,14,1,2
BRDA:136,15,0,1
BRDA:136,15,1,1
BRDA:164,16,0,0
BRDA:164,16,1,5
BRDA:169,17,0,1
BRDA:169,17,1,4
BRDA:169,18,0,5
BRDA:169,18,1,1
BRDA:169,18,2,1
BRDA:173,19,0,1
BRDA:173,19,1,0
BRDA:179,20,0,1
BRDA:179,20,1,3
BRDA:179,21,0,4
BRDA:179,21,1,1
BRDA:179,21,2,1
BRDA:182,22,0,1
BRDA:182,22,1,3
BRDA:182,23,0,4
BRDA:182,23,1,1
BRDA:182,23,2,1
BRDA:184,24,0,1
BRDA:184,24,1,0
BRDA:190,25,0,1
BRDA:190,25,1,2
BRDA:190,26,0,3
BRDA:190,26,1,1
BRDA:193,27,0,2
BRDA:193,27,1,1
BRDA:193,28,0,3
BRDA:193,28,1,2
BRDA:197,29,0,1
BRDA:197,29,1,1
BRDA:272,30,0,0
BRDA:272,30,1,0
BRF:67
BRH:56
end_of_record
TN:
SF:middlewares\auth.js
FN:3,(anonymous_0)
FNF:1
FNH:1
FNDA:35,(anonymous_0)
DA:1,4
DA:3,4
DA:4,35
DA:5,35
DA:6,34
DA:8,34
DA:9,34
DA:10,34
DA:11,34
DA:13,0
DA:17,4
LF:11
LH:10
BRDA:5,0,0,1
BRDA:5,0,1,34
BRF:2
BRH:2
end_of_record
TN:
SF:middlewares\uploads.js
FN:6,(anonymous_0)
FN:9,(anonymous_1)
FN:15,(anonymous_2)
FNF:3
FNH:0
FNDA:0,(anonymous_0)
FNDA:0,(anonymous_1)
FNDA:0,(anonymous_2)
DA:1,4
DA:2,4
DA:3,4
DA:5,4
DA:7,0
DA:10,0
DA:11,0
DA:15,4
DA:16,0
DA:17,0
DA:19,0
DA:22,4
DA:28,4
LF:13
LH:7
BRDA:16,0,0,0
BRDA:16,0,1,0
BRF:2
BRH:0
end_of_record
TN:
SF:models\Books.js
FNF:0
FNH:0
DA:1,4
DA:3,4
DA:41,4
DA:43,4
LF:4
LH:4
BRF:0
BRH:0
end_of_record
TN:
SF:models\ExchangeRequest.js
FNF:0
FNH:0
DA:1,4
DA:3,4
DA:43,4
DA:48,4
LF:4
LH:4
BRF:0
BRH:0
end_of_record
TN:
SF:models\User.js
FN:54,(anonymous_0)
FNF:1
FNH:1
FNDA:4,(anonymous_0)
DA:1,4
DA:2,4
DA:3,4
DA:5,4
DA:53,4
DA:55,4
DA:56,4
DA:58,4
DA:62,4
LF:9
LH:9
BRF:0
BRH:0
end_of_record
TN:
SF:routes\book-routes.js
FN:11,(anonymous_0)
FN:12,(anonymous_1)
FN:40,(anonymous_2)
FNF:3
FNH:0
FNDA:0,(anonymous_0)
FNDA:0,(anonymous_1)
FNDA:0,(anonymous_2)
DA:1,4
DA:2,4
DA:3,4
DA:4,4
DA:5,4
DA:7,4
DA:11,0
DA:12,0
DA:14,4
DA:22,4
DA:25,4
DA:32,4
DA:35,4
DA:37,4
DA:41,0
DA:47,4
DA:50,4
DA:52,4
LF:18
LH:15
BRF:0
BRH:0
end_of_record
TN:
SF:routes\exchange-routes.js
FNF:0
FNH:0
DA:1,4
DA:2,4
DA:3,4
DA:4,4
DA:7,4
DA:10,4
DA:17,4
DA:24,4
DA:30,4
DA:36,4
DA:42,4
LF:11
LH:11
BRF:0
BRH:0
end_of_record
TN:
SF:routes\user-routes.js
FNF:0
FNH:0
DA:1,4
DA:2,4
DA:3,4
DA:4,4
DA:5,4
DA:8,4
DA:11,4
DA:14,4
DA:17,4
DA:20,4
DA:23,4
DA:26,4
DA:29,4
DA:34,4
LF:14
LH:14
BRF:0
BRH:0
end_of_record
